<?xml version="1.0" encoding="UTF-8"?>
<robot generator="Robot 5.0.1 (Python 3.10.6 on darwin)" generated="20220821 15:18:04.546" rpa="false" schemaversion="3">
<suite id="s1" name="Test2" source="/Users/atsjanc/Documents/LEARN-WORK/Challenge/robot framework/robot-test-login/test/test2.robot">
<test id="s1-t1" name="Open web browser" line="22">
<kw name="Open Browser" library="Selenium2Library">
<arg>about:blank</arg>
<arg>${browser}</arg>
<doc>Opens a new browser instance to the optional ``url``.</doc>
<msg timestamp="20220821 15:18:04.621" level="INFO">Opening browser 'chrome' to base url 'about:blank'.</msg>
<status status="PASS" starttime="20220821 15:18:04.621" endtime="20220821 15:18:07.017"/>
</kw>
<kw name="Maximize Browser Window" library="Selenium2Library">
<doc>Maximizes current browser window.</doc>
<status status="PASS" starttime="20220821 15:18:07.018" endtime="20220821 15:18:07.136"/>
</kw>
<kw name="Go To" library="Selenium2Library">
<arg>${url}</arg>
<doc>Navigates the current browser window to the provided ``url``.</doc>
<msg timestamp="20220821 15:18:07.137" level="INFO">Opening url 'http://127.0.0.1:5500/index.html'</msg>
<status status="PASS" starttime="20220821 15:18:07.136" endtime="20220821 15:18:07.345"/>
</kw>
<status status="PASS" starttime="20220821 15:18:04.621" endtime="20220821 15:18:07.345"/>
</test>
<test id="s1-t2" name="signin" line="27">
<kw name="Input Text" library="Selenium2Library">
<arg>id=email</arg>
<arg>${email}</arg>
<doc>Types the given ``text`` into the text field identified by ``locator``.</doc>
<msg timestamp="20220821 15:18:07.346" level="INFO">Typing text 'admin@gmail.com' into text field 'id=email'.</msg>
<status status="PASS" starttime="20220821 15:18:07.346" endtime="20220821 15:18:07.672"/>
</kw>
<kw name="Input Text" library="Selenium2Library">
<arg>id=passwd</arg>
<arg>${passw}</arg>
<doc>Types the given ``text`` into the text field identified by ``locator``.</doc>
<msg timestamp="20220821 15:18:07.672" level="INFO">Typing text 'ad' into text field 'id=passwd'.</msg>
<status status="PASS" starttime="20220821 15:18:07.672" endtime="20220821 15:18:07.764"/>
</kw>
<kw name="Click Button" library="Selenium2Library">
<arg>btnsubmit</arg>
<doc>Clicks the button identified by ``locator``.</doc>
<msg timestamp="20220821 15:18:07.764" level="INFO">Clicking button 'btnsubmit'.</msg>
<status status="PASS" starttime="20220821 15:18:07.764" endtime="20220821 15:18:07.970"/>
</kw>
<kw name="Wait Until Page Contains" library="Selenium2Library">
<arg>Login Failed</arg>
<doc>Waits until ``text`` appears on the current page.</doc>
<status status="PASS" starttime="20220821 15:18:07.970" endtime="20220821 15:18:07.987"/>
</kw>
<kw name="Sleep" library="BuiltIn">
<arg>3</arg>
<doc>Pauses the test executed for the given time.</doc>
<msg timestamp="20220821 15:18:10.987" level="INFO">Slept 3 seconds</msg>
<status status="PASS" starttime="20220821 15:18:07.987" endtime="20220821 15:18:10.987"/>
</kw>
<status status="PASS" starttime="20220821 15:18:07.345" endtime="20220821 15:18:10.987"/>
</test>
<test id="s1-t3" name="sceenshot" line="34">
<kw name="Capture Page Screenshot" library="Selenium2Library">
<doc>Takes a screenshot of the current page and embeds it into a log file.</doc>
<msg timestamp="20220821 15:18:11.224" level="INFO" html="true">&lt;/td&gt;&lt;/tr&gt;&lt;tr&gt;&lt;td colspan="3"&gt;&lt;a href="selenium-screenshot-4.png"&gt;&lt;img src="selenium-screenshot-4.png" width="800px"&gt;&lt;/a&gt;</msg>
<status status="PASS" starttime="20220821 15:18:10.988" endtime="20220821 15:18:11.224"/>
</kw>
<status status="PASS" starttime="20220821 15:18:10.988" endtime="20220821 15:18:11.224"/>
</test>
<test id="s1-t4" name="Test Teardown" line="37">
<kw name="Close Browser" library="Selenium2Library">
<doc>Closes the current browser.</doc>
<status status="PASS" starttime="20220821 15:18:11.224" endtime="20220821 15:18:11.286"/>
</kw>
<status status="PASS" starttime="20220821 15:18:11.224" endtime="20220821 15:18:11.287"/>
</test>
<status status="PASS" starttime="20220821 15:18:04.547" endtime="20220821 15:18:11.287"/>
</suite>
<statistics>
<total>
<stat pass="4" fail="0" skip="0">All Tests</stat>
</total>
<tag>
</tag>
<suite>
<stat pass="4" fail="0" skip="0" id="s1" name="Test2">Test2</stat>
</suite>
</statistics>
<errors>
</errors>
</robot>
