<?xml version="1.0" encoding="UTF-8"?>
<robot generator="Robot 5.0.1 (Python 3.10.6 on darwin)" generated="20220819 18:58:01.052" rpa="false" schemaversion="3">
<suite id="s1" name="Google" source="/Users/atsjanc/Documents/LEARN-WORK/Challenge/robot framework/robot-framework-101/google.robot">
<test id="s1-t1" name="search google" line="12">
<kw name="เปิดเว็บ">
<kw name="Open Browser" library="Selenium2Library">
<arg>${url}</arg>
<arg>${browser}</arg>
<doc>Opens a new browser instance to the optional ``url``.</doc>
<msg timestamp="20220819 18:58:01.129" level="INFO">Opening browser 'chrome' to base url 'https://google.com/'.</msg>
<status status="PASS" starttime="20220819 18:58:01.129" endtime="20220819 18:58:07.568"/>
</kw>
<kw name="Maximize Browser Window" library="Selenium2Library">
<doc>Maximizes current browser window.</doc>
<status status="PASS" starttime="20220819 18:58:07.568" endtime="20220819 18:58:07.825"/>
</kw>
<status status="PASS" starttime="20220819 18:58:01.129" endtime="20220819 18:58:07.825"/>
</kw>
<kw name="ค้นหาตาม keywords">
<kw name="Input Text" library="Selenium2Library">
<arg>name=q</arg>
<arg>${keyword}</arg>
<doc>Types the given ``text`` into the text field identified by ``locator``.</doc>
<msg timestamp="20220819 18:58:07.826" level="INFO">Typing text 'learn corporation' into text field 'name=q'.</msg>
<status status="PASS" starttime="20220819 18:58:07.825" endtime="20220819 18:58:08.340"/>
</kw>
<kw name="Click Button" library="Selenium2Library">
<arg>btnK</arg>
<doc>Clicks the button identified by ``locator``.</doc>
<msg timestamp="20220819 18:58:08.341" level="INFO">Clicking button 'btnK'.</msg>
<status status="PASS" starttime="20220819 18:58:08.340" endtime="20220819 18:58:14.757"/>
</kw>
<status status="PASS" starttime="20220819 18:58:07.825" endtime="20220819 18:58:14.758"/>
</kw>
<kw name="เปิดเว็บแรกที่หาเจอ">
<kw name="Click Element" library="Selenium2Library">
<arg>css=#rso &gt; div:nth-child(1) &gt; div &gt; div &gt; div &gt; div &gt; div &gt; div &gt; div.yuRUbf &gt; a &gt; h3</arg>
<doc>Click the element identified by ``locator``.</doc>
<msg timestamp="20220819 18:58:14.758" level="INFO">Clicking element 'css=#rso &gt; div:nth-child(1) &gt; div &gt; div &gt; div &gt; div &gt; div &gt; div &gt; div.yuRUbf &gt; a &gt; h3'.</msg>
<status status="PASS" starttime="20220819 18:58:14.758" endtime="20220819 18:58:22.201"/>
</kw>
<status status="PASS" starttime="20220819 18:58:14.758" endtime="20220819 18:58:22.201"/>
</kw>
<kw name="Wait Until Page Contains" library="Selenium2Library">
<arg>main</arg>
<doc>Waits until ``text`` appears on the current page.</doc>
<status status="PASS" starttime="20220819 18:58:22.201" endtime="20220819 18:58:23.907"/>
</kw>
<kw name="Capture Page Screenshot" library="Selenium2Library">
<doc>Takes a screenshot of the current page and embeds it into a log file.</doc>
<msg timestamp="20220819 18:58:24.916" level="INFO" html="true">&lt;/td&gt;&lt;/tr&gt;&lt;tr&gt;&lt;td colspan="3"&gt;&lt;a href="selenium-screenshot-1.png"&gt;&lt;img src="selenium-screenshot-1.png" width="800px"&gt;&lt;/a&gt;</msg>
<status status="PASS" starttime="20220819 18:58:23.907" endtime="20220819 18:58:24.916"/>
</kw>
<status status="PASS" starttime="20220819 18:58:01.128" endtime="20220819 18:58:24.916"/>
</test>
<test id="s1-t2" name="Test Teardown" line="19">
<kw name="Close Browser" library="Selenium2Library">
<doc>Closes the current browser.</doc>
<status status="PASS" starttime="20220819 18:58:24.916" endtime="20220819 18:58:24.997"/>
</kw>
<status status="PASS" starttime="20220819 18:58:24.916" endtime="20220819 18:58:24.998"/>
</test>
<status status="PASS" starttime="20220819 18:58:01.053" endtime="20220819 18:58:24.998"/>
</suite>
<statistics>
<total>
<stat pass="2" fail="0" skip="0">All Tests</stat>
</total>
<tag>
</tag>
<suite>
<stat pass="2" fail="0" skip="0" id="s1" name="Google">Google</stat>
</suite>
</statistics>
<errors>
</errors>
</robot>
